Using pre-set license
Built from '2020.3/staging' branch; Version is '2020.3.6f1 (338bb68529b2) revision 3378102'; Using compiler version '192528614'; Build Type 'Release'
OS: 'Windows 10 Pro; OS build 19042.1083; Version 2009; 64bit' Language: 'en' Physical Memory: 16298 MB
BatchMode: 1, IsHumanControllingUs: 0, StartBugReporterOnCrash: 0, Is64bit: 1, IsPro: 0

 COMMAND LINE ARGUMENTS:
C:\Program Files\Unity\Hub\Editor\2020.3.6f1\Editor\Unity.exe
-adb2
-batchMode
-noUpm
-name
AssetImportWorker0
-projectPath
D:/Users/Danie-PC/Documents/Unity/Systems and Architecture/Personal-Project/Programming Theory Project
-logFile
Logs/AssetImportWorker0.log
-srvPort
53076
Successfully changed project path to: D:/Users/Danie-PC/Documents/Unity/Systems and Architecture/Personal-Project/Programming Theory Project
D:/Users/Danie-PC/Documents/Unity/Systems and Architecture/Personal-Project/Programming Theory Project
Using Asset Import Pipeline V2.
Refreshing native plugins compatible for Editor in 24.25 ms, found 0 plugins.
Preloading 0 native plugins for Editor in 0.00 ms.
Initialize engine version: 2020.3.6f1 (338bb68529b2)
[Subsystems] Discovering subsystems at path C:/Program Files/Unity/Hub/Editor/2020.3.6f1/Editor/Data/Resources/UnitySubsystems
[Subsystems] Discovering subsystems at path D:/Users/Danie-PC/Documents/Unity/Systems and Architecture/Personal-Project/Programming Theory Project/Assets
GfxDevice: creating device client; threaded=0
Direct3D:
    Version:  Direct3D 11.0 [level 11.1]
    Renderer: NVIDIA GeForce GTX 1080 (ID=0x1b80)
    Vendor:   
    VRAM:     8079 MB
    Driver:   30.0.14.7111
Initialize mono
Mono path[0] = 'C:/Program Files/Unity/Hub/Editor/2020.3.6f1/Editor/Data/Managed'
Mono path[1] = 'C:/Program Files/Unity/Hub/Editor/2020.3.6f1/Editor/Data/MonoBleedingEdge/lib/mono/unityjit'
Mono config path = 'C:/Program Files/Unity/Hub/Editor/2020.3.6f1/Editor/Data/MonoBleedingEdge/etc'
Using monoOptions --debugger-agent=transport=dt_socket,embedding=1,server=y,suspend=n,address=127.0.0.1:56376
Begin MonoManager ReloadAssembly
Registering precompiled unity dll's ...
Register platform support module: C:/Program Files/Unity/Hub/Editor/2020.3.6f1/Editor/Data/PlaybackEngines/WebGLSupport/UnityEditor.WebGL.Extensions.dll
Register platform support module: C:/Program Files/Unity/Hub/Editor/2020.3.6f1/Editor/Data/PlaybackEngines/WindowsStandaloneSupport/UnityEditor.WindowsStandalone.Extensions.dll
Registered in 0.002121 seconds.
Native extension for WindowsStandalone target not found
Native extension for WebGL target not found
Refreshing native plugins compatible for Editor in 25.42 ms, found 0 plugins.
Preloading 0 native plugins for Editor in 0.00 ms.
Mono: successfully reloaded assembly
- Completed reload, in  1.111 seconds
Platform modules already initialized, skipping
Registering precompiled user dll's ...
Registered in 0.000592 seconds.
Begin MonoManager ReloadAssembly
Native extension for WindowsStandalone target not found
Native extension for WebGL target not found
Refreshing native plugins compatible for Editor in 0.26 ms, found 0 plugins.
Preloading 0 native plugins for Editor in 0.00 ms.
Mono: successfully reloaded assembly
- Completed reload, in  0.772 seconds
Platform modules already initialized, skipping
========================================================================
Worker process is ready to serve import requests
Launched and connected shader compiler UnityShaderCompiler.exe after 0.05 seconds
Refreshing native plugins compatible for Editor in 0.26 ms, found 0 plugins.
Preloading 0 native plugins for Editor in 0.00 ms.
Unloading 1121 Unused Serialized files (Serialized files now loaded: 0)
System memory in use before: 57.8 MB.
System memory in use after: 57.9 MB.

Unloading 10 unused Assets to reduce memory usage. Loaded Objects now: 1563.
Total: 1.868200 ms (FindLiveObjects: 0.185300 ms CreateObjectMapping: 0.118800 ms MarkObjects: 1.486100 ms  DeleteObjects: 0.076900 ms)

========================================================================
Received Import Request.
  path: Assets/Prefabs/Werewolf.prefab
  artifactKey: Guid(e49fc03076b35d145bbb926d8feea0e7) Importer(815301076,1909f56bfc062723c751e8b465ee728b)
Start importing Assets/Prefabs/Werewolf.prefab using Guid(e49fc03076b35d145bbb926d8feea0e7) Importer(815301076,1909f56bfc062723c751e8b465ee728b)  -> (artifact id: 'ddbda7d297e6511cc42d29306d79aa0c') in 0.393850 seconds
  Import took 0.396613 seconds .

========================================================================
Received Import Request.
  Time since last request: 0.000205 seconds.
  path: Assets/Materials/Red.mat
  artifactKey: Guid(a3cd5f12844c5644bb877f03e99a796c) Importer(815301076,1909f56bfc062723c751e8b465ee728b)
Start importing Assets/Materials/Red.mat using Guid(a3cd5f12844c5644bb877f03e99a796c) Importer(815301076,1909f56bfc062723c751e8b465ee728b)  -> (artifact id: '18d1cfc77232974402a1052ed2dd6388') in 0.032688 seconds
  Import took 0.034632 seconds .

========================================================================
Received Import Request.
  Time since last request: 0.000263 seconds.
  path: Assets/Materials/Red_Dark.mat
  artifactKey: Guid(c098f74056160f849a7d0fd13b307263) Importer(815301076,1909f56bfc062723c751e8b465ee728b)
Start importing Assets/Materials/Red_Dark.mat using Guid(c098f74056160f849a7d0fd13b307263) Importer(815301076,1909f56bfc062723c751e8b465ee728b)  -> (artifact id: 'a5be1a4ccf7f7563ba5db34e4e505de3') in 0.012062 seconds
  Import took 0.014223 seconds .

========================================================================
Received Import Request.
  Time since last request: 0.000208 seconds.
  path: Assets/Prefabs/Rocks.prefab
  artifactKey: Guid(9e474ce9d8a45014c9c354db87777f7f) Importer(815301076,1909f56bfc062723c751e8b465ee728b)
Start importing Assets/Prefabs/Rocks.prefab using Guid(9e474ce9d8a45014c9c354db87777f7f) Importer(815301076,1909f56bfc062723c751e8b465ee728b)  -> (artifact id: '1bfa310035f940dc5427cdb2cb68dc90') in 0.115126 seconds
  Import took 0.117224 seconds .

========================================================================
Received Import Request.
  Time since last request: 0.000232 seconds.
  path: Assets/Prefabs/Ground.prefab
  artifactKey: Guid(cc88950c98389444cae29e80401725d3) Importer(815301076,1909f56bfc062723c751e8b465ee728b)
Start importing Assets/Prefabs/Ground.prefab using Guid(cc88950c98389444cae29e80401725d3) Importer(815301076,1909f56bfc062723c751e8b465ee728b)  -> (artifact id: 'e99a4ee3c6ff1391c932cd100beebf17') in 0.025660 seconds
  Import took 0.027678 seconds .

========================================================================
Received Import Request.
  Time since last request: 0.000225 seconds.
  path: Assets/Prefabs/PowerUp.prefab
  artifactKey: Guid(5e1b43a9add432748a19c856ac83e22f) Importer(815301076,1909f56bfc062723c751e8b465ee728b)
Start importing Assets/Prefabs/PowerUp.prefab using Guid(5e1b43a9add432748a19c856ac83e22f) Importer(815301076,1909f56bfc062723c751e8b465ee728b)  -> (artifact id: 'a1e4c7a7594f545211c607c1dcd47405') in 0.011037 seconds
  Import took 0.013337 seconds .

========================================================================
Received Import Request.
  Time since last request: 0.000232 seconds.
  path: Assets/Materials/Red_Light.mat
  artifactKey: Guid(abc71ca6150400145904f66c0ebe724e) Importer(815301076,1909f56bfc062723c751e8b465ee728b)
Start importing Assets/Materials/Red_Light.mat using Guid(abc71ca6150400145904f66c0ebe724e) Importer(815301076,1909f56bfc062723c751e8b465ee728b)  -> (artifact id: '9e755dfd3aa1ec3e0b9876345cd3b397') in 0.011000 seconds
  Import took 0.013133 seconds .

========================================================================
Received Import Request.
  Time since last request: 0.000281 seconds.
  path: Assets/Prefabs/Branches.prefab
  artifactKey: Guid(7f04378ca0e583d40ab6c5e596b60746) Importer(815301076,1909f56bfc062723c751e8b465ee728b)
Start importing Assets/Prefabs/Branches.prefab using Guid(7f04378ca0e583d40ab6c5e596b60746) Importer(815301076,1909f56bfc062723c751e8b465ee728b)  -> (artifact id: '95b3214d87bc75de13b18b4322988bee') in 0.011460 seconds
  Import took 0.013554 seconds .

========================================================================
Received Import Request.
  Time since last request: 0.000286 seconds.
  path: Assets/Materials/Blue.mat
  artifactKey: Guid(bf0c2fbe10d801f4d8eec1409b1f63f5) Importer(815301076,1909f56bfc062723c751e8b465ee728b)
Start importing Assets/Materials/Blue.mat using Guid(bf0c2fbe10d801f4d8eec1409b1f63f5) Importer(815301076,1909f56bfc062723c751e8b465ee728b)  -> (artifact id: '092172b384c5ab7acf7379a762b9e504') in 0.011163 seconds
  Import took 0.013446 seconds .

========================================================================
Received Import Request.
  Time since last request: 0.000235 seconds.
  path: Assets/Prefabs/Player.prefab
  artifactKey: Guid(80b7070bf57d4d24f85f758297036f14) Importer(815301076,1909f56bfc062723c751e8b465ee728b)
Start importing Assets/Prefabs/Player.prefab using Guid(80b7070bf57d4d24f85f758297036f14) Importer(815301076,1909f56bfc062723c751e8b465ee728b)  -> (artifact id: 'e8d7cf6c2c51cd6ceb538430eb1e6910') in 0.167269 seconds
  Import took 0.171754 seconds .

========================================================================
Received Import Request.
  Time since last request: 0.000286 seconds.
  path: Assets/Materials/Green.mat
  artifactKey: Guid(a276b120bad66814fbb9071f66809aba) Importer(815301076,1909f56bfc062723c751e8b465ee728b)
Start importing Assets/Materials/Green.mat using Guid(a276b120bad66814fbb9071f66809aba) Importer(815301076,1909f56bfc062723c751e8b465ee728b)  -> (artifact id: 'd05b1369c8e1684b42fec87c23e9c0b6') in 0.010820 seconds
  Import took 0.012811 seconds .

========================================================================
Received Import Request.
  Time since last request: 0.396120 seconds.
  path: Assets/Scenes/MyGame.unity
  artifactKey: Guid(ca8238497fe3d9a4ab8e5ce269388b6d) Importer(815301076,1909f56bfc062723c751e8b465ee728b)
Start importing Assets/Scenes/MyGame.unity using Guid(ca8238497fe3d9a4ab8e5ce269388b6d) Importer(815301076,1909f56bfc062723c751e8b465ee728b)  -> (artifact id: 'a4b7b23dc12a7174c16554dc292dd3c0') in 0.006103 seconds
  Import took 0.007911 seconds .

========================================================================
Received Import Request.
  Time since last request: 0.007126 seconds.
  path: Assets/Scenes/MyGame.unity
  artifactKey: Guid(ca8238497fe3d9a4ab8e5ce269388b6d) Importer(815301076,1909f56bfc062723c751e8b465ee728b)
Start importing Assets/Scenes/MyGame.unity using Guid(ca8238497fe3d9a4ab8e5ce269388b6d) Importer(815301076,1909f56bfc062723c751e8b465ee728b)  -> (artifact id: 'a4b7b23dc12a7174c16554dc292dd3c0') in 0.001997 seconds
  Import took 0.004118 seconds .

========================================================================
Received Import Request.
  Time since last request: 0.950523 seconds.
  path: Assets/Scenes/MyGameSettings.lighting
  artifactKey: Guid(5f630069657c57a4b8df9b0f8a91e5ac) Importer(815301076,1909f56bfc062723c751e8b465ee728b)
Start importing Assets/Scenes/MyGameSettings.lighting using Guid(5f630069657c57a4b8df9b0f8a91e5ac) Importer(815301076,1909f56bfc062723c751e8b465ee728b)  -> (artifact id: '35da729888dfe7098c1055c0fc741dbb') in 0.007627 seconds
  Import took 0.009574 seconds .

========================================================================
Received Import Request.
  Time since last request: 1.525984 seconds.
  path: Assets/Scenes/MyGameSettings.lighting
  artifactKey: Guid(5f630069657c57a4b8df9b0f8a91e5ac) Importer(815301076,1909f56bfc062723c751e8b465ee728b)
Start importing Assets/Scenes/MyGameSettings.lighting using Guid(5f630069657c57a4b8df9b0f8a91e5ac) Importer(815301076,1909f56bfc062723c751e8b465ee728b)  -> (artifact id: '35da729888dfe7098c1055c0fc741dbb') in 0.002245 seconds
  Import took 0.004220 seconds .

========================================================================
Received Import Request.
  Time since last request: 14.488539 seconds.
  path: Assets/Prefabs
  artifactKey: Guid(7c9314dd94f154645b8b2751185b6d8e) Importer(815301076,1909f56bfc062723c751e8b465ee728b)
Start importing Assets/Prefabs using Guid(7c9314dd94f154645b8b2751185b6d8e) Importer(815301076,1909f56bfc062723c751e8b465ee728b)  -> (artifact id: '69295266af692e77660ca6ad02766dea') in 0.006257 seconds
  Import took 0.008222 seconds .

========================================================================
Received Import Request.
  Time since last request: 0.948063 seconds.
  path: Assets/Scenes
  artifactKey: Guid(bbc124ad48d5b6b4fac94ec775df51d2) Importer(815301076,1909f56bfc062723c751e8b465ee728b)
Start importing Assets/Scenes using Guid(bbc124ad48d5b6b4fac94ec775df51d2) Importer(815301076,1909f56bfc062723c751e8b465ee728b)  -> (artifact id: 'c1024af031e4800a21fe0903baf3d193') in 0.006024 seconds
  Import took 0.007884 seconds .

========================================================================
Received Import Request.
  Time since last request: 0.786884 seconds.
  path: Assets/Scripts
  artifactKey: Guid(42f265ed3c35855449caf0e87a93d2b8) Importer(815301076,1909f56bfc062723c751e8b465ee728b)
Start importing Assets/Scripts using Guid(42f265ed3c35855449caf0e87a93d2b8) Importer(815301076,1909f56bfc062723c751e8b465ee728b)  -> (artifact id: '96fe8b3150ede489e9e4173b63d881f2') in 0.006119 seconds
  Import took 0.008162 seconds .

========================================================================
Received Import Request.
  Time since last request: 0.001194 seconds.
  path: Assets/Scripts
  artifactKey: Guid(42f265ed3c35855449caf0e87a93d2b8) Importer(815301076,1909f56bfc062723c751e8b465ee728b)
Start importing Assets/Scripts using Guid(42f265ed3c35855449caf0e87a93d2b8) Importer(815301076,1909f56bfc062723c751e8b465ee728b)  -> (artifact id: '96fe8b3150ede489e9e4173b63d881f2') in 0.001886 seconds
  Import took 0.004111 seconds .

========================================================================
Received Import Request.
  Time since last request: 1.179958 seconds.
  path: Assets/Scripts/FollowPlayer.cs
  artifactKey: Guid(67e0185ea952fab4292bd697a2d5ce41) Importer(815301076,1909f56bfc062723c751e8b465ee728b)
Start importing Assets/Scripts/FollowPlayer.cs using Guid(67e0185ea952fab4292bd697a2d5ce41) Importer(815301076,1909f56bfc062723c751e8b465ee728b)  -> (artifact id: '4c4a905f2a888320ed7527f93c5175f8') in 0.009391 seconds
  Import took 0.011381 seconds .

========================================================================
Received Prepare
Registering precompiled user dll's ...
Registered in 0.000624 seconds.
Begin MonoManager ReloadAssembly
Native extension for WindowsStandalone target not found
Native extension for WebGL target not found
Refreshing native plugins compatible for Editor in 0.25 ms, found 0 plugins.
Preloading 0 native plugins for Editor in 0.00 ms.
Mono: successfully reloaded assembly
- Completed reload, in  0.748 seconds
Platform modules already initialized, skipping
Refreshing native plugins compatible for Editor in 0.26 ms, found 0 plugins.
Preloading 0 native plugins for Editor in 0.00 ms.
Unloading 1115 Unused Serialized files (Serialized files now loaded: 0)
System memory in use before: 75.1 MB.
System memory in use after: 75.2 MB.

Unloading 5 unused Assets to reduce memory usage. Loaded Objects now: 1613.
Total: 1.643100 ms (FindLiveObjects: 0.128600 ms CreateObjectMapping: 0.035200 ms MarkObjects: 1.424700 ms  DeleteObjects: 0.053400 ms)

========================================================================
Received Import Request.
  Time since last request: 7.678154 seconds.
  path: Assets/Scenes/SampleScene.unity
  artifactKey: Guid(9fc0d4010bbf28b4594072e72b8655ab) Importer(815301076,1909f56bfc062723c751e8b465ee728b)
Start importing Assets/Scenes/SampleScene.unity using Guid(9fc0d4010bbf28b4594072e72b8655ab) Importer(815301076,1909f56bfc062723c751e8b465ee728b)  -> (artifact id: '3106d81e14175b7109796116b50b2db6') in 0.014378 seconds
  Import took 0.016363 seconds .

========================================================================
Received Import Request.
  Time since last request: 18.437173 seconds.
  path: Assets/Scenes/InGame.unity
  artifactKey: Guid(ca8238497fe3d9a4ab8e5ce269388b6d) Importer(815301076,1909f56bfc062723c751e8b465ee728b)
Start importing Assets/Scenes/InGame.unity using Guid(ca8238497fe3d9a4ab8e5ce269388b6d) Importer(815301076,1909f56bfc062723c751e8b465ee728b)  -> (artifact id: 'b412ebeec7081310668a9c23c8f50848') in 0.006283 seconds
  Import took 0.008724 seconds .

========================================================================
Received Import Request.
  Time since last request: 224.878362 seconds.
  path: Assets/Scripts/MoveLeft.cs
  artifactKey: Guid(3235161af6d6ca64bb715338d3a52235) Importer(815301076,1909f56bfc062723c751e8b465ee728b)
Start importing Assets/Scripts/MoveLeft.cs using Guid(3235161af6d6ca64bb715338d3a52235) Importer(815301076,1909f56bfc062723c751e8b465ee728b)  -> (artifact id: 'befdd0c7e7d54cbb8071f77227b5c8a6') in 0.005997 seconds
  Import took 0.008261 seconds .

========================================================================
Received Prepare
Registering precompiled user dll's ...
Registered in 0.000763 seconds.
Begin MonoManager ReloadAssembly
Native extension for WindowsStandalone target not found
Native extension for WebGL target not found
Refreshing native plugins compatible for Editor in 0.25 ms, found 0 plugins.
Preloading 0 native plugins for Editor in 0.00 ms.
Mono: successfully reloaded assembly
- Completed reload, in  0.745 seconds
Platform modules already initialized, skipping
Refreshing native plugins compatible for Editor in 0.35 ms, found 0 plugins.
Preloading 0 native plugins for Editor in 0.00 ms.
Unloading 1110 Unused Serialized files (Serialized files now loaded: 0)
System memory in use before: 75.0 MB.
System memory in use after: 75.1 MB.

Unloading 10 unused Assets to reduce memory usage. Loaded Objects now: 1611.
Total: 1.752000 ms (FindLiveObjects: 0.153500 ms CreateObjectMapping: 0.041400 ms MarkObjects: 1.492600 ms  DeleteObjects: 0.062900 ms)

========================================================================
Received Import Request.
  Time since last request: 399.020438 seconds.
  path: Assets/Scenes/MainMenu.unity
  artifactKey: Guid(6020307ebad46a34da92d7f1a2183e67) Importer(815301076,1909f56bfc062723c751e8b465ee728b)
Start importing Assets/Scenes/MainMenu.unity using Guid(6020307ebad46a34da92d7f1a2183e67) Importer(815301076,1909f56bfc062723c751e8b465ee728b)  -> (artifact id: '8387e824a815dd4a40b7511968c5b1d3') in 0.017570 seconds
  Import took 0.020082 seconds .

========================================================================
Received Import Request.
  Time since last request: 259.146701 seconds.
  path: Assets/Course Library/Fonts/Exo_2/Exo2-Regular.ttf
  artifactKey: Guid(3a70ad0bbaee8473c80840c8766769c1) Importer(815301076,1909f56bfc062723c751e8b465ee728b)
Start importing Assets/Course Library/Fonts/Exo_2/Exo2-Regular.ttf using Guid(3a70ad0bbaee8473c80840c8766769c1) Importer(815301076,1909f56bfc062723c751e8b465ee728b)  -> (artifact id: 'b3f4fc135af32a16dd6ed56948176105') in 0.081105 seconds
  Import took 0.083603 seconds .

========================================================================
Received Import Request.
  Time since last request: 0.000197 seconds.
  path: Assets/Course Library/Fonts/Oswald/Oswald-Regular.ttf
  artifactKey: Guid(4614df9ec815a45a08f109d32722f99f) Importer(815301076,1909f56bfc062723c751e8b465ee728b)
Start importing Assets/Course Library/Fonts/Oswald/Oswald-Regular.ttf using Guid(4614df9ec815a45a08f109d32722f99f) Importer(815301076,1909f56bfc062723c751e8b465ee728b)  -> (artifact id: '405a2ad8de3b663007cc9166becb19e9') in 0.012804 seconds
  Import took 0.015606 seconds .

========================================================================
Received Import Request.
  Time since last request: 0.000262 seconds.
  path: Assets/Course Library/Fonts/Indie_Flower/IndieFlower.ttf
  artifactKey: Guid(1e2dedf0209f94b3a970377b23a013a9) Importer(815301076,1909f56bfc062723c751e8b465ee728b)
Start importing Assets/Course Library/Fonts/Indie_Flower/IndieFlower.ttf using Guid(1e2dedf0209f94b3a970377b23a013a9) Importer(815301076,1909f56bfc062723c751e8b465ee728b)  -> (artifact id: '867c4fbe3cd6db9c592f7d822c776490') in 0.014577 seconds
  Import took 0.016695 seconds .

========================================================================
Received Import Request.
  Time since last request: 0.000205 seconds.
  path: Assets/Course Library/Fonts/Margarine/Margarine-Regular.ttf
  artifactKey: Guid(32de974c3db9e4756969d3fd9309e8e4) Importer(815301076,1909f56bfc062723c751e8b465ee728b)
Start importing Assets/Course Library/Fonts/Margarine/Margarine-Regular.ttf using Guid(32de974c3db9e4756969d3fd9309e8e4) Importer(815301076,1909f56bfc062723c751e8b465ee728b)  -> (artifact id: '3e2a81ee039007b66ae0954d449c8614') in 0.012530 seconds
  Import took 0.014688 seconds .

========================================================================
Received Import Request.
  Time since last request: 0.000219 seconds.
  path: Assets/Course Library/Fonts/Roboto/Roboto-Regular.ttf
  artifactKey: Guid(c24dc1a356ac9499b9924f6810888b8f) Importer(815301076,1909f56bfc062723c751e8b465ee728b)
Start importing Assets/Course Library/Fonts/Roboto/Roboto-Regular.ttf using Guid(c24dc1a356ac9499b9924f6810888b8f) Importer(815301076,1909f56bfc062723c751e8b465ee728b)  -> (artifact id: '3f7815f557e21b0abd943010c5e7713d') in 0.013457 seconds
  Import took 0.015409 seconds .

========================================================================
Received Import Request.
  Time since last request: 1.614139 seconds.
  path: Assets/Course Library/Fonts/Baloo_Chettan/BalooChettan-Regular.ttf
  artifactKey: Guid(1de092811748445db9e4b7597a8204d1) Importer(815301076,1909f56bfc062723c751e8b465ee728b)
Start importing Assets/Course Library/Fonts/Baloo_Chettan/BalooChettan-Regular.ttf using Guid(1de092811748445db9e4b7597a8204d1) Importer(815301076,1909f56bfc062723c751e8b465ee728b)  -> (artifact id: '78bf33c25ce7dfdc7f85e3bc73666201') in 0.011508 seconds
  Import took 0.013738 seconds .

========================================================================
Received Prepare
Registering precompiled user dll's ...
Registered in 0.000584 seconds.
Begin MonoManager ReloadAssembly
Native extension for WindowsStandalone target not found
Native extension for WebGL target not found
Refreshing native plugins compatible for Editor in 0.25 ms, found 0 plugins.
Preloading 0 native plugins for Editor in 0.00 ms.
Mono: successfully reloaded assembly
- Completed reload, in  0.725 seconds
Platform modules already initialized, skipping
Refreshing native plugins compatible for Editor in 0.25 ms, found 0 plugins.
Preloading 0 native plugins for Editor in 0.00 ms.
Unloading 1110 Unused Serialized files (Serialized files now loaded: 0)
System memory in use before: 75.1 MB.
System memory in use after: 75.2 MB.

Unloading 5 unused Assets to reduce memory usage. Loaded Objects now: 1619.
Total: 1.691400 ms (FindLiveObjects: 0.134700 ms CreateObjectMapping: 0.035900 ms MarkObjects: 1.462800 ms  DeleteObjects: 0.056600 ms)

========================================================================
Received Import Request.
  Time since last request: 372.712810 seconds.
  path: Assets
  artifactKey: Guid(00000000000000001000000000000000) Importer(815301076,1909f56bfc062723c751e8b465ee728b)
Start importing Assets using Guid(00000000000000001000000000000000) Importer(815301076,1909f56bfc062723c751e8b465ee728b)  -> (artifact id: '2c602d4445bd9e0e517b9a7c882a2249') in 0.008612 seconds
  Import took 0.010598 seconds .

========================================================================
Received Import Request.
  Time since last request: 243.052113 seconds.
  path: Assets/Scenes/MainMenu.unity
  artifactKey: Guid(6020307ebad46a34da92d7f1a2183e67) Importer(815301076,1909f56bfc062723c751e8b465ee728b)
Start importing Assets/Scenes/MainMenu.unity using Guid(6020307ebad46a34da92d7f1a2183e67) Importer(815301076,1909f56bfc062723c751e8b465ee728b)  -> (artifact id: '00c2904d6ecaea849c322693e8c8221b') in 0.008989 seconds
  Import took 0.011414 seconds .

========================================================================
Received Import Request.
  Time since last request: 0.884728 seconds.
  path: Assets/Course Library
  artifactKey: Guid(b918cb9f4fb614448aa4df7658cd546c) Importer(815301076,1909f56bfc062723c751e8b465ee728b)
Start importing Assets/Course Library using Guid(b918cb9f4fb614448aa4df7658cd546c) Importer(815301076,1909f56bfc062723c751e8b465ee728b)  -> (artifact id: '96f2e52a7be45de43733ccb218393db7') in 0.006843 seconds
  Import took 0.009016 seconds .

========================================================================
Received Import Request.
  Time since last request: 0.000861 seconds.
  path: Assets/Course Library
  artifactKey: Guid(b918cb9f4fb614448aa4df7658cd546c) Importer(815301076,1909f56bfc062723c751e8b465ee728b)
Start importing Assets/Course Library using Guid(b918cb9f4fb614448aa4df7658cd546c) Importer(815301076,1909f56bfc062723c751e8b465ee728b)  -> (artifact id: '96f2e52a7be45de43733ccb218393db7') in 0.001751 seconds
  Import took 0.003804 seconds .

========================================================================
Received Import Request.
  Time since last request: 105.753770 seconds.
  path: Assets/Scenes/MainMenu.unity
  artifactKey: Guid(6020307ebad46a34da92d7f1a2183e67) Importer(815301076,1909f56bfc062723c751e8b465ee728b)
Start importing Assets/Scenes/MainMenu.unity using Guid(6020307ebad46a34da92d7f1a2183e67) Importer(815301076,1909f56bfc062723c751e8b465ee728b)  -> (artifact id: 'ae08ea2e4faf269a7cc23f1b5cb1deb5') in 0.002442 seconds
  Import took 0.004449 seconds .

========================================================================
Received Prepare
Registering precompiled user dll's ...
Registered in 0.000576 seconds.
Begin MonoManager ReloadAssembly
Native extension for WindowsStandalone target not found
Native extension for WebGL target not found
Refreshing native plugins compatible for Editor in 0.25 ms, found 0 plugins.
Preloading 0 native plugins for Editor in 0.00 ms.
Mono: successfully reloaded assembly
- Completed reload, in  0.731 seconds
Platform modules already initialized, skipping
Refreshing native plugins compatible for Editor in 0.26 ms, found 0 plugins.
Preloading 0 native plugins for Editor in 0.00 ms.
Unloading 1110 Unused Serialized files (Serialized files now loaded: 0)
System memory in use before: 75.1 MB.
System memory in use after: 75.2 MB.

Unloading 5 unused Assets to reduce memory usage. Loaded Objects now: 1622.
Total: 1.707100 ms (FindLiveObjects: 0.146800 ms CreateObjectMapping: 0.034900 ms MarkObjects: 1.463300 ms  DeleteObjects: 0.060200 ms)

========================================================================
Received Import Request.
  Time since last request: 850.878721 seconds.
  path: Assets/Scenes/SampleScene.unity
  artifactKey: Guid(9fc0d4010bbf28b4594072e72b8655ab) Importer(815301076,1909f56bfc062723c751e8b465ee728b)
Start importing Assets/Scenes/SampleScene.unity using Guid(9fc0d4010bbf28b4594072e72b8655ab) Importer(815301076,1909f56bfc062723c751e8b465ee728b)  -> (artifact id: 'a52e64d690831dac88f366c099af1e92') in 0.013314 seconds
  Import took 0.015768 seconds .

========================================================================
Received Import Request.
  Time since last request: 73.404951 seconds.
  path: Assets/Scenes/MainMenu.unity
  artifactKey: Guid(6020307ebad46a34da92d7f1a2183e67) Importer(815301076,1909f56bfc062723c751e8b465ee728b)
Start importing Assets/Scenes/MainMenu.unity using Guid(6020307ebad46a34da92d7f1a2183e67) Importer(815301076,1909f56bfc062723c751e8b465ee728b)  -> (artifact id: 'b5ac10415b9a81a3128398ecdbb5a6af') in 0.002477 seconds
  Import took 0.004539 seconds .

========================================================================
Received Import Request.
  Time since last request: 45.834892 seconds.
  path: Assets/Scripts
  artifactKey: Guid(42f265ed3c35855449caf0e87a93d2b8) Importer(815301076,1909f56bfc062723c751e8b465ee728b)
Start importing Assets/Scripts using Guid(42f265ed3c35855449caf0e87a93d2b8) Importer(815301076,1909f56bfc062723c751e8b465ee728b)  -> (artifact id: 'c23f18798d4908e95205f3f92c24b13d') in 0.001813 seconds
  Import took 0.003979 seconds .

